2024-04-22 12:18:35,979 - WEB - INFO - unguje
2024-04-22 12:18:36,440 - WEB - INFO - unguje
2024-04-22 13:01:29,336 - WEB - INFO - unguje
2024-04-22 13:01:29,888 - WEB - INFO - unguje
2024-04-22 13:01:32,891 - WEB - INFO - Accessing the main page with vehicle and news data
2024-04-22 13:01:33,016 - WEB - INFO - Loaded 20 vehicles from the database
2024-04-22 13:01:33,076 - WEB - INFO - Loaded news items
2024-04-22 13:01:33,799 - WEB - INFO - Fetched all active ads
2024-04-22 13:02:15,331 - WEB - INFO - Accessing the login page
2024-04-22 13:02:53,536 - WEB - INFO - Vehicle home page accessed successfully.
2024-04-22 13:02:54,824 - WEB - INFO - Fetched all active ads
2024-04-22 13:03:02,651 - WEB - INFO - Retrieving chat users for user ID 1
2024-04-22 13:03:02,786 - WEB - INFO - Found 2 users associated with user ID 1
2024-04-22 13:03:35,774 - WEB - INFO - Retrieving chat users for user ID 1
2024-04-22 13:03:35,890 - WEB - INFO - Found 2 users associated with user ID 1
2024-04-22 13:03:58,776 - WEB - INFO - Message sent from user 1 to 8
2024-04-22 13:03:58,903 - WEB - INFO - Retrieved messages between users 1 and 8
2024-04-22 13:04:01,193 - WEB - INFO - Accessing the main page with vehicle and news data
2024-04-22 13:04:01,395 - WEB - INFO - Loaded 21 vehicles from the database
2024-04-22 13:04:01,533 - WEB - INFO - Loaded news items
2024-04-22 13:04:02,737 - WEB - INFO - Fetched all active ads
2024-04-22 13:04:03,046 - WEB - INFO - User 1 accessing chat page with user 1
2024-04-22 13:04:03,343 - WEB - INFO - Retrieving chat users for user ID 1
2024-04-22 13:04:03,477 - WEB - INFO - Found 3 users associated with user ID 1
2024-04-22 13:04:03,621 - WEB - INFO - Retrieved messages between users 1 and 2
2024-04-22 13:04:04,689 - WEB - INFO - Retrieved messages between users 1 and 8
2024-04-22 13:04:15,555 - WEB - INFO - Accessing the main page with vehicle and news data
2024-04-22 13:04:15,728 - WEB - INFO - Loaded 21 vehicles from the database
2024-04-22 13:04:15,855 - WEB - INFO - Loaded news items
2024-04-22 13:04:17,117 - WEB - INFO - Fetched all active ads
2024-04-22 13:04:21,535 - WEB - INFO - Searching vehicles with parameters: {'brand': 'VolksWagen', 'model': None, 'year_min': None, 'year_max': None, 'price_min': None, 'price_max': None, 'mileage_min': None, 'mileage_max': None}
2024-04-22 13:04:21,650 - WEB - INFO - Executing query: SELECT * FROM Vehicles WHERE 1=1 AND brand LIKE %s with values: ['%VolksWagen%']
2024-04-22 13:04:21,654 - WEB - INFO - Found 4 vehicles matching criteria.
2024-04-22 13:04:22,283 - WEB - INFO - Fetched all active ads
2024-04-22 13:04:27,219 - WEB - INFO - Accessing the main page with vehicle and news data
2024-04-22 13:04:27,390 - WEB - INFO - Loaded 21 vehicles from the database
2024-04-22 13:04:27,506 - WEB - INFO - Loaded news items
2024-04-22 13:04:28,748 - WEB - INFO - Fetched all active ads
2024-04-22 13:04:37,008 - WEB - WARNING - metoda get vehicles se spustilaaaaa
2024-04-22 13:04:38,844 - WEB - WARNING - metoda get vehicles se spustila
2024-04-22 13:04:41,504 - WEB - WARNING - session: <SecureCookieSession {'_flashes': [('success', 'Vozidlo bylo úspìšnì pøidáno.'), ('success', 'Recenze byla úspìšnì pøidána.')], 'role': 'User', 'user_id': 1, 'selected_vehicles': ['7']}>
2024-04-22 13:04:45,034 - WEB - WARNING - session: <SecureCookieSession {'_flashes': [('success', 'Vozidlo bylo úspìšnì pøidáno.'), ('success', 'Recenze byla úspìšnì pøidána.')], 'role': 'User', 'selected_vehicles': ['7', '14'], 'user_id': 1}>
2024-04-22 13:04:49,015 - WEB - WARNING - compare selected vehicles se volá
2024-04-22 13:04:49,015 - WEB - WARNING - aaaa['7']
2024-04-22 13:04:49,137 - WEB - WARNING - {'VehicleID': 7, 'Brand': 'VolksWagen', 'Model': 'Golf', 'YearOfManufacture': 2000, 'Mileage': 160000, 'Price': Decimal('45000.00'), 'UserID': None, 'Description': None} , [{'VehicleID': 7, 'Brand': 'VolksWagen', 'Model': 'Golf', 'YearOfManufacture': 2000, 'Mileage': 160000, 'Price': Decimal('45000.00'), 'UserID': None, 'Description': None}]
2024-04-22 13:04:52,207 - WEB - INFO - Accessing the main page with vehicle and news data
2024-04-22 13:04:52,363 - WEB - INFO - Loaded 21 vehicles from the database
2024-04-22 13:04:52,493 - WEB - INFO - Loaded news items
2024-04-22 13:05:17,933 - WEB - INFO - Accessing the main page with vehicle and news data
2024-04-22 13:05:18,095 - WEB - INFO - Loaded 21 vehicles from the database
2024-04-22 13:05:18,243 - WEB - INFO - Loaded news items
2024-04-22 13:05:19,484 - WEB - INFO - Fetched all active ads
2024-04-22 13:05:26,629 - WEB - INFO - Profile data retrieved for user ID 1
2024-04-22 13:05:26,633 - WEB - INFO - User reviews loaded for user ID 1
2024-04-22 13:05:34,884 - WEB - INFO - User 1 is updating their profile
2024-04-22 13:05:35,006 - WEB - INFO - Profile for user 1 was successfully updated
2024-04-22 13:05:35,135 - WEB - INFO - Profile data retrieved for user ID 1
2024-04-22 13:05:35,139 - WEB - INFO - User reviews loaded for user ID 1
2024-04-22 13:05:42,316 - WEB - INFO - Accessing the main page with vehicle and news data
2024-04-22 13:05:42,503 - WEB - INFO - Loaded 21 vehicles from the database
2024-04-22 13:05:42,633 - WEB - INFO - Loaded news items
2024-04-22 13:05:43,710 - WEB - INFO - Fetched all active ads
2024-04-22 13:05:45,565 - WEB - INFO - User 1 accessing chat page with user 1
2024-04-22 13:05:45,646 - WEB - INFO - Retrieving chat users for user ID 1
2024-04-22 13:05:45,778 - WEB - INFO - Found 3 users associated with user ID 1
2024-04-22 13:05:45,903 - WEB - INFO - Retrieved messages between users 1 and 2
